{
  "timestamp": "2026-02-01T10:51:47.575Z",
  "method": "GET",
  "url": "/api/users",
  "statusCode": 401,
  "error": "{\"message\":\"No token, authorization denied\"}",
  "ip": "127.0.0.1"
}
{
  "timestamp": "2026-02-01T10:53:19.783Z",
  "method": "POST",
  "url": "/api/users/login",
  "statusCode": 400,
  "error": "{\"message\":\"Invalid credentials\"}",
  "ip": "127.0.0.1"
}
{
  "timestamp": "2026-02-01T11:33:28.512Z",
  "method": "POST",
  "url": "/api/users",
  "statusCode": 400,
  "error": "{\"message\":\"\\\"name\\\" must be of type object\"}",
  "ip": "127.0.0.1"
}
{
  "timestamp": "2026-02-01T11:34:35.346Z",
  "method": "POST",
  "url": "/api/users",
  "statusCode": 400,
  "error": "{\"message\":\"\\\"password\\\" with value \\\"12345678\\\" fails to match the required pattern: /^(?=.*[a-z])(?=.*[A-Z])(?=.*\\\\d)(?=.*[@$!%*?&])[A-Za-z\\\\d@$!%*?&]{7,}$/\"}",
  "ip": "127.0.0.1"
}
{
  "timestamp": "2026-02-01T11:36:05.291Z",
  "method": "POST",
  "url": "/api/users",
  "statusCode": 400,
  "error": "{\"message\":\"\\\"address\\\" is required\"}",
  "ip": "127.0.0.1"
}
{
  "timestamp": "2026-02-01T11:49:24.529Z",
  "method": "POST",
  "url": "/api/users/login",
  "statusCode": 400,
  "error": "{\"message\":\"Invalid credentials\"}",
  "ip": "127.0.0.1"
}
{
  "timestamp": "2026-02-01T11:51:57.486Z",
  "method": "POST",
  "url": "/api/users/login",
  "statusCode": 400,
  "error": "{\"message\":\"Invalid credentials\"}",
  "ip": "127.0.0.1"
}
{
  "timestamp": "2026-02-01T11:54:04.902Z",
  "method": "POST",
  "url": "/api/users/login",
  "statusCode": 400,
  "error": "{\"message\":\"Invalid credentials\"}",
  "ip": "127.0.0.1"
}
{
  "timestamp": "2026-02-01T12:08:09.144Z",
  "method": "POST",
  "url": "/api/users/login",
  "statusCode": 400,
  "error": "{\"message\":\"Invalid credentials\"}",
  "ip": "127.0.0.1"
}
{
  "timestamp": "2026-02-01T12:13:13.992Z",
  "method": "POST",
  "url": "/api/users/login",
  "statusCode": 400,
  "error": "{\"message\":\"Invalid credentials\"}",
  "ip": "127.0.0.1"
}
{
  "timestamp": "2026-02-01T12:18:52.481Z",
  "method": "POST",
  "url": "/api/users/login",
  "statusCode": 400,
  "error": "{\"message\":\"Invalid credentials\"}",
  "ip": "127.0.0.1"
}
{
  "timestamp": "2026-02-01T12:22:29.857Z",
  "method": "POST",
  "url": "/api/users/login",
  "statusCode": 400,
  "error": "{\"message\":\"Invalid credentials\"}",
  "ip": "127.0.0.1"
}
{
  "timestamp": "2026-02-01T12:25:01.498Z",
  "method": "POST",
  "url": "/api/users/login",
  "statusCode": 400,
  "error": "{\"message\":\"Invalid credentials\"}",
  "ip": "127.0.0.1"
}
{
  "timestamp": "2026-02-01T12:27:36.267Z",
  "method": "POST",
  "url": "/api/users/login",
  "statusCode": 400,
  "error": "{\"message\":\"Invalid credentials\"}",
  "ip": "127.0.0.1"
}
{
  "timestamp": "2026-02-01T12:31:37.808Z",
  "method": "POST",
  "url": "/api/users/login",
  "statusCode": 400,
  "error": "{\"message\":\"Invalid credentials\"}",
  "ip": "127.0.0.1"
}
{
  "timestamp": "2026-02-01T12:34:28.217Z",
  "method": "POST",
  "url": "/api/users",
  "statusCode": 400,
  "error": "{\"message\":\"User already exists\"}",
  "ip": "127.0.0.1"
}
{
  "timestamp": "2026-02-01T12:36:14.956Z",
  "method": "POST",
  "url": "/api/users/login",
  "statusCode": 400,
  "error": "{\"message\":\"Invalid credentials\"}",
  "ip": "127.0.0.1"
}
{
  "timestamp": "2026-02-01T12:48:11.831Z",
  "method": "POST",
  "url": "/api/users",
  "statusCode": 400,
  "error": "{\"message\":\"\\\"password\\\" with value \\\"Aa123456\\\" fails to match the required pattern: /^(?=.*[a-z])(?=.*[A-Z])(?=.*\\\\d)(?=.*[@$!%*?&])[A-Za-z\\\\d@$!%*?&]{7,}$/\"}",
  "ip": "127.0.0.1"
}
{
  "timestamp": "2026-02-01T12:50:32.221Z",
  "method": "POST",
  "url": "/api/users/login",
  "statusCode": 400,
  "error": "{\"message\":\"Invalid credentials\"}",
  "ip": "127.0.0.1"
}
{
  "timestamp": "2026-02-01T12:52:09.452Z",
  "method": "POST",
  "url": "/api/users",
  "statusCode": 400,
  "error": "{\"message\":\"User already exists\"}",
  "ip": "127.0.0.1"
}
{
  "timestamp": "2026-02-01T12:52:22.871Z",
  "method": "POST",
  "url": "/api/users",
  "statusCode": 400,
  "error": "{\"message\":\"User already exists\"}",
  "ip": "127.0.0.1"
}
{
  "timestamp": "2026-02-01T12:52:24.641Z",
  "method": "POST",
  "url": "/api/users",
  "statusCode": 400,
  "error": "{\"message\":\"User already exists\"}",
  "ip": "127.0.0.1"
}
{
  "timestamp": "2026-02-01T12:52:27.129Z",
  "method": "POST",
  "url": "/api/users",
  "statusCode": 400,
  "error": "{\"message\":\"User already exists\"}",
  "ip": "127.0.0.1"
}
{
  "timestamp": "2026-02-01T12:54:08.525Z",
  "method": "POST",
  "url": "/api/users/login",
  "statusCode": 400,
  "error": "{\"message\":\"Invalid credentials\"}",
  "ip": "127.0.0.1"
}
{
  "timestamp": "2026-02-01T13:31:35.137Z",
  "method": "POST",
  "url": "/api/users",
  "statusCode": 400,
  "error": "{\"message\":\"User already exists\"}",
  "ip": "127.0.0.1"
}
{
  "timestamp": "2026-02-01T13:33:16.604Z",
  "method": "POST",
  "url": "/api/users/login",
  "statusCode": 400,
  "error": "{\"message\":\"Invalid credentials\"}",
  "ip": "127.0.0.1"
}
{
  "timestamp": "2026-02-01T13:36:16.488Z",
  "method": "POST",
  "url": "/api/users",
  "statusCode": 400,
  "error": "{\"message\":\"User already exists\"}",
  "ip": "127.0.0.1"
}
{
  "timestamp": "2026-02-01T13:38:15.418Z",
  "method": "POST",
  "url": "/api/users/login",
  "statusCode": 401,
  "error": "{\"message\":\"Account temporarily locked due to too many failed login attempts\"}",
  "ip": "127.0.0.1"
}
{
  "timestamp": "2026-02-01T13:40:36.997Z",
  "method": "POST",
  "url": "/api/users",
  "statusCode": 400,
  "error": "{\"message\":\"User already exists\"}",
  "ip": "127.0.0.1"
}
{
  "timestamp": "2026-02-01T14:04:09.056Z",
  "method": "POST",
  "url": "/api/users/login",
  "statusCode": 401,
  "error": "{\"message\":\"Account temporarily locked due to too many failed login attempts\"}",
  "ip": "127.0.0.1"
}
{
  "timestamp": "2026-02-01T14:08:20.496Z",
  "method": "POST",
  "url": "/api/users/login",
  "statusCode": 401,
  "error": "{\"message\":\"Account temporarily locked due to too many failed login attempts\"}",
  "ip": "127.0.0.1"
}
{
  "timestamp": "2026-02-01T15:58:28.033Z",
  "method": "POST",
  "url": "/api/users/login",
  "statusCode": 400,
  "error": "{\"message\":\"Invalid credentials\"}",
  "ip": "127.0.0.1"
}
{
  "timestamp": "2026-02-01T16:01:38.425Z",
  "method": "POST",
  "url": "/api/users/login",
  "statusCode": 400,
  "error": "{\"message\":\"Invalid credentials\"}",
  "ip": "127.0.0.1"
}
{
  "timestamp": "2026-02-01T16:31:49.355Z",
  "method": "POST",
  "url": "/api/users",
  "statusCode": 400,
  "error": "{\"message\":\"\\\"name\\\" must be of type object\"}",
  "ip": "127.0.0.1"
}
{
  "timestamp": "2026-02-01T16:34:57.917Z",
  "method": "POST",
  "url": "/api/users",
  "statusCode": 400,
  "error": "{\"message\":\"\\\"phone\\\" is required\"}",
  "ip": "127.0.0.1"
}
{
  "timestamp": "2026-02-01T16:35:54.608Z",
  "method": "POST",
  "url": "/api/users",
  "statusCode": 400,
  "error": "{\"message\":\"\\\"address\\\" is required\"}",
  "ip": "127.0.0.1"
}
{
  "timestamp": "2026-02-01T16:36:19.417Z",
  "method": "POST",
  "url": "/api/users",
  "statusCode": 400,
  "error": "{\"message\":\"\\\"address\\\" is required\"}",
  "ip": "127.0.0.1"
}
{
  "timestamp": "2026-02-01T16:38:09.442Z",
  "method": "POST",
  "url": "/api/users",
  "statusCode": 400,
  "error": "{\"message\":\"User already exists\"}",
  "ip": "127.0.0.1"
}
{
  "timestamp": "2026-02-01T16:40:02.674Z",
  "method": "POST",
  "url": "/api/users/login",
  "statusCode": 401,
  "error": "{\"message\":\"Account temporarily locked due to too many failed login attempts\"}",
  "ip": "127.0.0.1"
}
