{
  "timestamp": "2026-02-02T07:50:27.933Z",
  "method": "POST",
  "url": "/api/users/login",
  "statusCode": 401,
  "error": "{\"message\":\"Account temporarily locked due to too many failed login attempts\"}",
  "ip": "127.0.0.1"
}
{
  "timestamp": "2026-02-02T08:24:33.432Z",
  "method": "POST",
  "url": "/api/users",
  "statusCode": 400,
  "error": "{\"message\":\"\\\"name\\\" must be of type object\"}",
  "ip": "127.0.0.1"
}
{
  "timestamp": "2026-02-02T08:36:19.718Z",
  "method": "POST",
  "url": "/api/users",
  "statusCode": 400,
  "error": "{\"message\":\"\\\"name\\\" must be of type object\"}",
  "ip": "127.0.0.1"
}
{
  "timestamp": "2026-02-02T08:39:40.576Z",
  "method": "POST",
  "url": "/api/users",
  "statusCode": 400,
  "error": "{\"message\":\"\\\"phone\\\" is required\"}",
  "ip": "127.0.0.1"
}
{
  "timestamp": "2026-02-02T08:40:10.850Z",
  "method": "POST",
  "url": "/api/users",
  "statusCode": 400,
  "error": "{\"message\":\"\\\"password\\\" with value \\\"12345678\\\" fails to match the required pattern: /^(?=.*[a-z])(?=.*[A-Z])(?=.*\\\\d)(?=.*[@$!%*?&])[A-Za-z\\\\d@$!%*?&]{7,}$/\"}",
  "ip": "127.0.0.1"
}
{
  "timestamp": "2026-02-02T08:41:15.163Z",
  "method": "POST",
  "url": "/api/users",
  "statusCode": 400,
  "error": "{\"message\":\"\\\"address\\\" is required\"}",
  "ip": "127.0.0.1"
}
{
  "timestamp": "2026-02-02T08:44:14.508Z",
  "method": "POST",
  "url": "/api/users",
  "statusCode": 400,
  "error": "{\"message\":\"User already exists\"}",
  "ip": "127.0.0.1"
}
{
  "timestamp": "2026-02-02T08:50:02.987Z",
  "method": "POST",
  "url": "/api/users/login",
  "statusCode": 400,
  "error": "{\"message\":\"Invalid credentials\"}",
  "ip": "127.0.0.1"
}
{
  "timestamp": "2026-02-02T08:51:31.350Z",
  "method": "POST",
  "url": "/api/users/login",
  "statusCode": 400,
  "error": "{\"message\":\"Invalid credentials\"}",
  "ip": "127.0.0.1"
}
{
  "timestamp": "2026-02-02T08:52:43.743Z",
  "method": "POST",
  "url": "/api/users/login",
  "statusCode": 400,
  "error": "{\"message\":\"Invalid credentials\"}",
  "ip": "127.0.0.1"
}
{
  "timestamp": "2026-02-02T08:52:51.641Z",
  "method": "POST",
  "url": "/api/users/login",
  "statusCode": 401,
  "error": "{\"message\":\"Account temporarily locked due to too many failed login attempts\"}",
  "ip": "127.0.0.1"
}
{
  "timestamp": "2026-02-02T08:54:45.783Z",
  "method": "POST",
  "url": "/api/users",
  "statusCode": 400,
  "error": "{\"message\":\"User already exists\"}",
  "ip": "127.0.0.1"
}
{
  "timestamp": "2026-02-02T08:55:11.713Z",
  "method": "POST",
  "url": "/api/users",
  "statusCode": 400,
  "error": "{\"message\":\"User already exists\"}",
  "ip": "127.0.0.1"
}
{
  "timestamp": "2026-02-02T08:55:59.507Z",
  "method": "POST",
  "url": "/api/users/login",
  "statusCode": 400,
  "error": "{\"message\":\"Invalid credentials\"}",
  "ip": "127.0.0.1"
}
{
  "timestamp": "2026-02-02T09:07:49.197Z",
  "method": "POST",
  "url": "/api/users/login",
  "statusCode": 400,
  "error": "{\"message\":\"Invalid credentials\"}",
  "ip": "127.0.0.1"
}
{
  "timestamp": "2026-02-02T09:09:31.976Z",
  "method": "GET",
  "url": "/api/users",
  "statusCode": 401,
  "error": "{\"message\":\"No token, authorization denied\"}",
  "ip": "127.0.0.1"
}
{
  "timestamp": "2026-02-02T09:11:25.203Z",
  "method": "POST",
  "url": "/api/users/login",
  "statusCode": 401,
  "error": "{\"message\":\"Account temporarily locked due to too many failed login attempts\"}",
  "ip": "127.0.0.1"
}
{
  "timestamp": "2026-02-02T09:19:52.618Z",
  "method": "POST",
  "url": "/api/users/login",
  "statusCode": 400,
  "error": "{\"message\":\"Invalid credentials\"}",
  "ip": "127.0.0.1"
}
{
  "timestamp": "2026-02-02T10:03:51.392Z",
  "method": "POST",
  "url": "/api/users",
  "statusCode": 400,
  "error": "{\"message\":\"User already exists\"}",
  "ip": "127.0.0.1"
}
{
  "timestamp": "2026-02-02T10:04:36.522Z",
  "method": "POST",
  "url": "/api/users",
  "statusCode": 400,
  "error": "{\"message\":\"User already exists\"}",
  "ip": "127.0.0.1"
}
{
  "timestamp": "2026-02-02T10:06:35.425Z",
  "method": "POST",
  "url": "/api/users/login",
  "statusCode": 400,
  "error": "{\"message\":\"Invalid credentials\"}",
  "ip": "127.0.0.1"
}
{
  "timestamp": "2026-02-02T10:07:31.759Z",
  "method": "POST",
  "url": "/api/users/login",
  "statusCode": 400,
  "error": "{\"message\":\"Invalid credentials\"}",
  "ip": "127.0.0.1"
}
{
  "timestamp": "2026-02-02T10:07:51.260Z",
  "method": "POST",
  "url": "/api/users/login",
  "statusCode": 400,
  "error": "{\"message\":\"Invalid credentials\"}",
  "ip": "127.0.0.1"
}
{
  "timestamp": "2026-02-02T10:08:00.186Z",
  "method": "POST",
  "url": "/api/users/login",
  "statusCode": 401,
  "error": "{\"message\":\"Account temporarily locked due to too many failed login attempts\"}",
  "ip": "127.0.0.1"
}
